<?xml version="1.0" encoding="UTF-8"?>
<testsuite xmlns:xsi="http://www.w3.org/2001/XMLSchema-instance" xsi:noNamespaceSchemaLocation="https://maven.apache.org/surefire/maven-surefire-plugin/xsd/surefire-test-report-3.0.xsd" version="3.0" name="fr.placide.k8skafkaaepccleanarchibsmsemployee.infra.output.service.OutputEmployeeServiceKafkaProducerImplTest" time="25.036" tests="3" errors="0" skipped="0" failures="0">
  <properties>
    <property name="java.specification.version" value="17"/>
    <property name="sun.jnu.encoding" value="UTF-8"/>
    <property name="java.class.path" value="/home/placidenduwayo/workspace/devops/fullstack-5-K8s-Kafka-CI-CD/K8s-Kafka-AEPC-Back/k8s-kafka-aepc-clean-archi-bs-ms-employee/target/test-classes:/home/placidenduwayo/workspace/devops/fullstack-5-K8s-Kafka-CI-CD/K8s-Kafka-AEPC-Back/k8s-kafka-aepc-clean-archi-bs-ms-employee/target/classes:/home/placidenduwayo/.m2/repository/org/springframework/boot/spring-boot-starter-data-jpa/3.1.1/spring-boot-starter-data-jpa-3.1.1.jar:/home/placidenduwayo/.m2/repository/org/springframework/boot/spring-boot-starter-aop/3.1.1/spring-boot-starter-aop-3.1.1.jar:/home/placidenduwayo/.m2/repository/org/springframework/spring-aop/6.0.10/spring-aop-6.0.10.jar:/home/placidenduwayo/.m2/repository/org/aspectj/aspectjweaver/1.9.19/aspectjweaver-1.9.19.jar:/home/placidenduwayo/.m2/repository/org/springframework/boot/spring-boot-starter-jdbc/3.1.1/spring-boot-starter-jdbc-3.1.1.jar:/home/placidenduwayo/.m2/repository/com/zaxxer/HikariCP/5.0.1/HikariCP-5.0.1.jar:/home/placidenduwayo/.m2/repository/org/springframework/spring-jdbc/6.0.10/spring-jdbc-6.0.10.jar:/home/placidenduwayo/.m2/repository/org/hibernate/orm/hibernate-core/6.2.5.Final/hibernate-core-6.2.5.Final.jar:/home/placidenduwayo/.m2/repository/jakarta/persistence/jakarta.persistence-api/3.1.0/jakarta.persistence-api-3.1.0.jar:/home/placidenduwayo/.m2/repository/jakarta/transaction/jakarta.transaction-api/2.0.1/jakarta.transaction-api-2.0.1.jar:/home/placidenduwayo/.m2/repository/org/jboss/logging/jboss-logging/3.5.1.Final/jboss-logging-3.5.1.Final.jar:/home/placidenduwayo/.m2/repository/org/hibernate/common/hibernate-commons-annotations/6.0.6.Final/hibernate-commons-annotations-6.0.6.Final.jar:/home/placidenduwayo/.m2/repository/io/smallrye/jandex/3.0.5/jandex-3.0.5.jar:/home/placidenduwayo/.m2/repository/com/fasterxml/classmate/1.5.1/classmate-1.5.1.jar:/home/placidenduwayo/.m2/repository/org/glassfish/jaxb/jaxb-runtime/4.0.3/jaxb-runtime-4.0.3.jar:/home/placidenduwayo/.m2/repository/org/glassfish/jaxb/jaxb-core/4.0.3/jaxb-core-4.0.3.jar:/home/placidenduwayo/.m2/repository/org/eclipse/angus/angus-activation/2.0.1/angus-activation-2.0.1.jar:/home/placidenduwayo/.m2/repository/org/glassfish/jaxb/txw2/4.0.3/txw2-4.0.3.jar:/home/placidenduwayo/.m2/repository/com/sun/istack/istack-commons-runtime/4.1.2/istack-commons-runtime-4.1.2.jar:/home/placidenduwayo/.m2/repository/jakarta/inject/jakarta.inject-api/2.0.1/jakarta.inject-api-2.0.1.jar:/home/placidenduwayo/.m2/repository/org/antlr/antlr4-runtime/4.10.1/antlr4-runtime-4.10.1.jar:/home/placidenduwayo/.m2/repository/org/springframework/data/spring-data-jpa/3.1.1/spring-data-jpa-3.1.1.jar:/home/placidenduwayo/.m2/repository/org/springframework/data/spring-data-commons/3.1.1/spring-data-commons-3.1.1.jar:/home/placidenduwayo/.m2/repository/org/springframework/spring-orm/6.0.10/spring-orm-6.0.10.jar:/home/placidenduwayo/.m2/repository/org/springframework/spring-beans/6.0.10/spring-beans-6.0.10.jar:/home/placidenduwayo/.m2/repository/jakarta/annotation/jakarta.annotation-api/2.1.1/jakarta.annotation-api-2.1.1.jar:/home/placidenduwayo/.m2/repository/org/slf4j/slf4j-api/2.0.7/slf4j-api-2.0.7.jar:/home/placidenduwayo/.m2/repository/org/springframework/spring-aspects/6.0.10/spring-aspects-6.0.10.jar:/home/placidenduwayo/.m2/repository/org/springframework/boot/spring-boot-starter-web/3.1.1/spring-boot-starter-web-3.1.1.jar:/home/placidenduwayo/.m2/repository/org/springframework/boot/spring-boot-starter/3.1.1/spring-boot-starter-3.1.1.jar:/home/placidenduwayo/.m2/repository/org/springframework/boot/spring-boot-starter-logging/3.1.1/spring-boot-starter-logging-3.1.1.jar:/home/placidenduwayo/.m2/repository/ch/qos/logback/logback-classic/1.4.8/logback-classic-1.4.8.jar:/home/placidenduwayo/.m2/repository/ch/qos/logback/logback-core/1.4.8/logback-core-1.4.8.jar:/home/placidenduwayo/.m2/repository/org/apache/logging/log4j/log4j-to-slf4j/2.20.0/log4j-to-slf4j-2.20.0.jar:/home/placidenduwayo/.m2/repository/org/apache/logging/log4j/log4j-api/2.20.0/log4j-api-2.20.0.jar:/home/placidenduwayo/.m2/repository/org/slf4j/jul-to-slf4j/2.0.7/jul-to-slf4j-2.0.7.jar:/home/placidenduwayo/.m2/repository/org/yaml/snakeyaml/1.33/snakeyaml-1.33.jar:/home/placidenduwayo/.m2/repository/org/springframework/boot/spring-boot-starter-json/3.1.1/spring-boot-starter-json-3.1.1.jar:/home/placidenduwayo/.m2/repository/com/fasterxml/jackson/datatype/jackson-datatype-jdk8/2.15.2/jackson-datatype-jdk8-2.15.2.jar:/home/placidenduwayo/.m2/repository/com/fasterxml/jackson/datatype/jackson-datatype-jsr310/2.15.2/jackson-datatype-jsr310-2.15.2.jar:/home/placidenduwayo/.m2/repository/com/fasterxml/jackson/module/jackson-module-parameter-names/2.15.2/jackson-module-parameter-names-2.15.2.jar:/home/placidenduwayo/.m2/repository/org/springframework/boot/spring-boot-starter-tomcat/3.1.1/spring-boot-starter-tomcat-3.1.1.jar:/home/placidenduwayo/.m2/repository/org/apache/tomcat/embed/tomcat-embed-core/10.1.10/tomcat-embed-core-10.1.10.jar:/home/placidenduwayo/.m2/repository/org/apache/tomcat/embed/tomcat-embed-el/10.1.10/tomcat-embed-el-10.1.10.jar:/home/placidenduwayo/.m2/repository/org/apache/tomcat/embed/tomcat-embed-websocket/10.1.10/tomcat-embed-websocket-10.1.10.jar:/home/placidenduwayo/.m2/repository/org/springframework/spring-web/6.0.10/spring-web-6.0.10.jar:/home/placidenduwayo/.m2/repository/org/springframework/spring-webmvc/6.0.10/spring-webmvc-6.0.10.jar:/home/placidenduwayo/.m2/repository/org/springframework/spring-expression/6.0.10/spring-expression-6.0.10.jar:/home/placidenduwayo/.m2/repository/org/springframework/cloud/spring-cloud-starter-config/4.0.4/spring-cloud-starter-config-4.0.4.jar:/home/placidenduwayo/.m2/repository/org/springframework/cloud/spring-cloud-starter/4.0.4/spring-cloud-starter-4.0.4.jar:/home/placidenduwayo/.m2/repository/org/springframework/cloud/spring-cloud-context/4.0.4/spring-cloud-context-4.0.4.jar:/home/placidenduwayo/.m2/repository/org/springframework/security/spring-security-rsa/1.0.12.RELEASE/spring-security-rsa-1.0.12.RELEASE.jar:/home/placidenduwayo/.m2/repository/org/bouncycastle/bcpkix-jdk18on/1.73/bcpkix-jdk18on-1.73.jar:/home/placidenduwayo/.m2/repository/org/bouncycastle/bcprov-jdk18on/1.73/bcprov-jdk18on-1.73.jar:/home/placidenduwayo/.m2/repository/org/bouncycastle/bcutil-jdk18on/1.73/bcutil-jdk18on-1.73.jar:/home/placidenduwayo/.m2/repository/org/springframework/cloud/spring-cloud-config-client/4.0.4/spring-cloud-config-client-4.0.4.jar:/home/placidenduwayo/.m2/repository/com/fasterxml/jackson/core/jackson-annotations/2.15.2/jackson-annotations-2.15.2.jar:/home/placidenduwayo/.m2/repository/org/apache/httpcomponents/client5/httpclient5/5.2.1/httpclient5-5.2.1.jar:/home/placidenduwayo/.m2/repository/org/apache/httpcomponents/core5/httpcore5/5.2.2/httpcore5-5.2.2.jar:/home/placidenduwayo/.m2/repository/org/apache/httpcomponents/core5/httpcore5-h2/5.2.2/httpcore5-h2-5.2.2.jar:/home/placidenduwayo/.m2/repository/com/fasterxml/jackson/core/jackson-databind/2.15.2/jackson-databind-2.15.2.jar:/home/placidenduwayo/.m2/repository/com/fasterxml/jackson/core/jackson-core/2.15.2/jackson-core-2.15.2.jar:/home/placidenduwayo/.m2/repository/org/springframework/cloud/spring-cloud-starter-bootstrap/4.0.4/spring-cloud-starter-bootstrap-4.0.4.jar:/home/placidenduwayo/.m2/repository/org/springframework/cloud/spring-cloud-starter-netflix-eureka-client/4.0.3/spring-cloud-starter-netflix-eureka-client-4.0.3.jar:/home/placidenduwayo/.m2/repository/org/springframework/cloud/spring-cloud-netflix-eureka-client/4.0.3/spring-cloud-netflix-eureka-client-4.0.3.jar:/home/placidenduwayo/.m2/repository/com/netflix/eureka/eureka-client/2.0.1/eureka-client-2.0.1.jar:/home/placidenduwayo/.m2/repository/com/netflix/netflix-commons/netflix-eventbus/0.3.0/netflix-eventbus-0.3.0.jar:/home/placidenduwayo/.m2/repository/com/netflix/netflix-commons/netflix-infix/0.3.0/netflix-infix-0.3.0.jar:/home/placidenduwayo/.m2/repository/commons-jxpath/commons-jxpath/1.3/commons-jxpath-1.3.jar:/home/placidenduwayo/.m2/repository/joda-time/joda-time/2.3/joda-time-2.3.jar:/home/placidenduwayo/.m2/repository/org/antlr/antlr-runtime/3.4/antlr-runtime-3.4.jar:/home/placidenduwayo/.m2/repository/org/antlr/stringtemplate/3.2.1/stringtemplate-3.2.1.jar:/home/placidenduwayo/.m2/repository/antlr/antlr/2.7.7/antlr-2.7.7.jar:/home/placidenduwayo/.m2/repository/com/google/code/gson/gson/2.10.1/gson-2.10.1.jar:/home/placidenduwayo/.m2/repository/org/apache/commons/commons-math/2.2/commons-math-2.2.jar:/home/placidenduwayo/.m2/repository/com/thoughtworks/xstream/xstream/1.4.19/xstream-1.4.19.jar:/home/placidenduwayo/.m2/repository/io/github/x-stream/mxparser/1.2.2/mxparser-1.2.2.jar:/home/placidenduwayo/.m2/repository/xmlpull/xmlpull/1.1.3.1/xmlpull-1.1.3.1.jar:/home/placidenduwayo/.m2/repository/jakarta/ws/rs/jakarta.ws.rs-api/3.1.0/jakarta.ws.rs-api-3.1.0.jar:/home/placidenduwayo/.m2/repository/com/netflix/servo/servo-core/0.12.21/servo-core-0.12.21.jar:/home/placidenduwayo/.m2/repository/com/google/guava/guava/19.0/guava-19.0.jar:/home/placidenduwayo/.m2/repository/org/apache/httpcomponents/httpclient/4.5.3/httpclient-4.5.3.jar:/home/placidenduwayo/.m2/repository/org/apache/httpcomponents/httpcore/4.4.16/httpcore-4.4.16.jar:/home/placidenduwayo/.m2/repository/commons-codec/commons-codec/1.15/commons-codec-1.15.jar:/home/placidenduwayo/.m2/repository/commons-configuration/commons-configuration/1.10/commons-configuration-1.10.jar:/home/placidenduwayo/.m2/repository/commons-lang/commons-lang/2.6/commons-lang-2.6.jar:/home/placidenduwayo/.m2/repository/org/codehaus/jettison/jettison/1.4.0/jettison-1.4.0.jar:/home/placidenduwayo/.m2/repository/com/netflix/eureka/eureka-core/2.0.1/eureka-core-2.0.1.jar:/home/placidenduwayo/.m2/repository/jakarta/servlet/jakarta.servlet-api/6.0.0/jakarta.servlet-api-6.0.0.jar:/home/placidenduwayo/.m2/repository/com/fasterxml/woodstox/woodstox-core/6.2.1/woodstox-core-6.2.1.jar:/home/placidenduwayo/.m2/repository/org/codehaus/woodstox/stax2-api/4.2.1/stax2-api-4.2.1.jar:/home/placidenduwayo/.m2/repository/org/springframework/cloud/spring-cloud-starter-loadbalancer/4.0.4/spring-cloud-starter-loadbalancer-4.0.4.jar:/home/placidenduwayo/.m2/repository/org/springframework/cloud/spring-cloud-loadbalancer/4.0.4/spring-cloud-loadbalancer-4.0.4.jar:/home/placidenduwayo/.m2/repository/io/projectreactor/reactor-core/3.5.7/reactor-core-3.5.7.jar:/home/placidenduwayo/.m2/repository/org/reactivestreams/reactive-streams/1.0.4/reactive-streams-1.0.4.jar:/home/placidenduwayo/.m2/repository/io/projectreactor/addons/reactor-extra/3.5.1/reactor-extra-3.5.1.jar:/home/placidenduwayo/.m2/repository/org/springframework/boot/spring-boot-starter-cache/3.1.1/spring-boot-starter-cache-3.1.1.jar:/home/placidenduwayo/.m2/repository/org/springframework/spring-context-support/6.0.10/spring-context-support-6.0.10.jar:/home/placidenduwayo/.m2/repository/com/stoyanr/evictor/1.0.0/evictor-1.0.0.jar:/home/placidenduwayo/.m2/repository/org/springframework/cloud/spring-cloud-starter-openfeign/4.0.4/spring-cloud-starter-openfeign-4.0.4.jar:/home/placidenduwayo/.m2/repository/org/springframework/cloud/spring-cloud-openfeign-core/4.0.4/spring-cloud-openfeign-core-4.0.4.jar:/home/placidenduwayo/.m2/repository/io/github/openfeign/form/feign-form-spring/3.8.0/feign-form-spring-3.8.0.jar:/home/placidenduwayo/.m2/repository/io/github/openfeign/form/feign-form/3.8.0/feign-form-3.8.0.jar:/home/placidenduwayo/.m2/repository/commons-fileupload/commons-fileupload/1.5/commons-fileupload-1.5.jar:/home/placidenduwayo/.m2/repository/commons-io/commons-io/2.11.0/commons-io-2.11.0.jar:/home/placidenduwayo/.m2/repository/org/springframework/cloud/spring-cloud-commons/4.0.4/spring-cloud-commons-4.0.4.jar:/home/placidenduwayo/.m2/repository/org/springframework/security/spring-security-crypto/6.1.1/spring-security-crypto-6.1.1.jar:/home/placidenduwayo/.m2/repository/io/github/openfeign/feign-core/12.4/feign-core-12.4.jar:/home/placidenduwayo/.m2/repository/io/github/openfeign/feign-slf4j/12.4/feign-slf4j-12.4.jar:/home/placidenduwayo/.m2/repository/org/springframework/cloud/spring-cloud-starter-circuitbreaker-resilience4j/3.0.3/spring-cloud-starter-circuitbreaker-resilience4j-3.0.3.jar:/home/placidenduwayo/.m2/repository/org/springframework/cloud/spring-cloud-circuitbreaker-resilience4j/3.0.3/spring-cloud-circuitbreaker-resilience4j-3.0.3.jar:/home/placidenduwayo/.m2/repository/io/github/resilience4j/resilience4j-spring-boot3/2.0.2/resilience4j-spring-boot3-2.0.2.jar:/home/placidenduwayo/.m2/repository/io/github/resilience4j/resilience4j-spring6/2.0.2/resilience4j-spring6-2.0.2.jar:/home/placidenduwayo/.m2/repository/io/github/resilience4j/resilience4j-annotations/2.0.2/resilience4j-annotations-2.0.2.jar:/home/placidenduwayo/.m2/repository/io/github/resilience4j/resilience4j-consumer/2.0.2/resilience4j-consumer-2.0.2.jar:/home/placidenduwayo/.m2/repository/io/github/resilience4j/resilience4j-circularbuffer/2.0.2/resilience4j-circularbuffer-2.0.2.jar:/home/placidenduwayo/.m2/repository/io/github/resilience4j/resilience4j-framework-common/2.0.2/resilience4j-framework-common-2.0.2.jar:/home/placidenduwayo/.m2/repository/io/github/resilience4j/resilience4j-micrometer/2.0.2/resilience4j-micrometer-2.0.2.jar:/home/placidenduwayo/.m2/repository/io/micrometer/micrometer-core/1.11.1/micrometer-core-1.11.1.jar:/home/placidenduwayo/.m2/repository/org/hdrhistogram/HdrHistogram/2.1.12/HdrHistogram-2.1.12.jar:/home/placidenduwayo/.m2/repository/org/latencyutils/LatencyUtils/2.0.3/LatencyUtils-2.0.3.jar:/home/placidenduwayo/.m2/repository/io/github/resilience4j/resilience4j-retry/2.0.2/resilience4j-retry-2.0.2.jar:/home/placidenduwayo/.m2/repository/io/github/resilience4j/resilience4j-ratelimiter/2.0.2/resilience4j-ratelimiter-2.0.2.jar:/home/placidenduwayo/.m2/repository/io/github/resilience4j/resilience4j-circuitbreaker/2.0.2/resilience4j-circuitbreaker-2.0.2.jar:/home/placidenduwayo/.m2/repository/io/github/resilience4j/resilience4j-core/2.0.2/resilience4j-core-2.0.2.jar:/home/placidenduwayo/.m2/repository/io/github/resilience4j/resilience4j-timelimiter/2.0.2/resilience4j-timelimiter-2.0.2.jar:/home/placidenduwayo/.m2/repository/org/springframework/boot/spring-boot-devtools/3.1.1/spring-boot-devtools-3.1.1.jar:/home/placidenduwayo/.m2/repository/org/springframework/boot/spring-boot/3.1.1/spring-boot-3.1.1.jar:/home/placidenduwayo/.m2/repository/org/springframework/boot/spring-boot-autoconfigure/3.1.1/spring-boot-autoconfigure-3.1.1.jar:/home/placidenduwayo/.m2/repository/com/mysql/mysql-connector-j/8.0.33/mysql-connector-j-8.0.33.jar:/home/placidenduwayo/.m2/repository/com/h2database/h2/2.1.214/h2-2.1.214.jar:/home/placidenduwayo/.m2/repository/org/junit/jupiter/junit-jupiter-api/5.9.2/junit-jupiter-api-5.9.2.jar:/home/placidenduwayo/.m2/repository/org/opentest4j/opentest4j/1.2.0/opentest4j-1.2.0.jar:/home/placidenduwayo/.m2/repository/org/junit/platform/junit-platform-commons/1.9.3/junit-platform-commons-1.9.3.jar:/home/placidenduwayo/.m2/repository/org/apiguardian/apiguardian-api/1.1.2/apiguardian-api-1.1.2.jar:/home/placidenduwayo/.m2/repository/org/assertj/assertj-core/3.24.2/assertj-core-3.24.2.jar:/home/placidenduwayo/.m2/repository/net/bytebuddy/byte-buddy/1.14.5/byte-buddy-1.14.5.jar:/home/placidenduwayo/.m2/repository/org/springframework/kafka/spring-kafka/3.0.8/spring-kafka-3.0.8.jar:/home/placidenduwayo/.m2/repository/org/springframework/spring-context/6.0.10/spring-context-6.0.10.jar:/home/placidenduwayo/.m2/repository/org/springframework/spring-messaging/6.0.10/spring-messaging-6.0.10.jar:/home/placidenduwayo/.m2/repository/org/springframework/spring-tx/6.0.10/spring-tx-6.0.10.jar:/home/placidenduwayo/.m2/repository/org/springframework/retry/spring-retry/2.0.2/spring-retry-2.0.2.jar:/home/placidenduwayo/.m2/repository/org/apache/kafka/kafka-clients/3.4.1/kafka-clients-3.4.1.jar:/home/placidenduwayo/.m2/repository/com/github/luben/zstd-jni/1.5.2-1/zstd-jni-1.5.2-1.jar:/home/placidenduwayo/.m2/repository/org/lz4/lz4-java/1.8.0/lz4-java-1.8.0.jar:/home/placidenduwayo/.m2/repository/org/xerial/snappy/snappy-java/1.1.8.4/snappy-java-1.1.8.4.jar:/home/placidenduwayo/.m2/repository/io/micrometer/micrometer-observation/1.11.1/micrometer-observation-1.11.1.jar:/home/placidenduwayo/.m2/repository/io/micrometer/micrometer-commons/1.11.1/micrometer-commons-1.11.1.jar:/home/placidenduwayo/.m2/repository/com/google/code/findbugs/jsr305/3.0.2/jsr305-3.0.2.jar:/home/placidenduwayo/.m2/repository/org/testcontainers/kafka/1.18.3/kafka-1.18.3.jar:/home/placidenduwayo/.m2/repository/org/testcontainers/testcontainers/1.18.3/testcontainers-1.18.3.jar:/home/placidenduwayo/.m2/repository/junit/junit/4.13.2/junit-4.13.2.jar:/home/placidenduwayo/.m2/repository/org/hamcrest/hamcrest-core/2.2/hamcrest-core-2.2.jar:/home/placidenduwayo/.m2/repository/org/apache/commons/commons-compress/1.23.0/commons-compress-1.23.0.jar:/home/placidenduwayo/.m2/repository/org/rnorth/duct-tape/duct-tape/1.0.8/duct-tape-1.0.8.jar:/home/placidenduwayo/.m2/repository/org/jetbrains/annotations/17.0.0/annotations-17.0.0.jar:/home/placidenduwayo/.m2/repository/com/github/docker-java/docker-java-api/3.3.0/docker-java-api-3.3.0.jar:/home/placidenduwayo/.m2/repository/com/github/docker-java/docker-java-transport-zerodep/3.3.0/docker-java-transport-zerodep-3.3.0.jar:/home/placidenduwayo/.m2/repository/com/github/docker-java/docker-java-transport/3.3.0/docker-java-transport-3.3.0.jar:/home/placidenduwayo/.m2/repository/net/java/dev/jna/jna/5.12.1/jna-5.12.1.jar:/home/placidenduwayo/.m2/repository/org/projectlombok/lombok/1.18.28/lombok-1.18.28.jar:/home/placidenduwayo/.m2/repository/org/springframework/boot/spring-boot-configuration-processor/3.1.1/spring-boot-configuration-processor-3.1.1.jar:/home/placidenduwayo/.m2/repository/org/springframework/boot/spring-boot-starter-test/3.1.1/spring-boot-starter-test-3.1.1.jar:/home/placidenduwayo/.m2/repository/org/springframework/boot/spring-boot-test/3.1.1/spring-boot-test-3.1.1.jar:/home/placidenduwayo/.m2/repository/org/springframework/boot/spring-boot-test-autoconfigure/3.1.1/spring-boot-test-autoconfigure-3.1.1.jar:/home/placidenduwayo/.m2/repository/com/jayway/jsonpath/json-path/2.8.0/json-path-2.8.0.jar:/home/placidenduwayo/.m2/repository/jakarta/xml/bind/jakarta.xml.bind-api/4.0.0/jakarta.xml.bind-api-4.0.0.jar:/home/placidenduwayo/.m2/repository/jakarta/activation/jakarta.activation-api/2.1.2/jakarta.activation-api-2.1.2.jar:/home/placidenduwayo/.m2/repository/net/minidev/json-smart/2.4.11/json-smart-2.4.11.jar:/home/placidenduwayo/.m2/repository/net/minidev/accessors-smart/2.4.11/accessors-smart-2.4.11.jar:/home/placidenduwayo/.m2/repository/org/ow2/asm/asm/9.3/asm-9.3.jar:/home/placidenduwayo/.m2/repository/org/hamcrest/hamcrest/2.2/hamcrest-2.2.jar:/home/placidenduwayo/.m2/repository/org/junit/jupiter/junit-jupiter/5.9.3/junit-jupiter-5.9.3.jar:/home/placidenduwayo/.m2/repository/org/junit/jupiter/junit-jupiter-params/5.9.3/junit-jupiter-params-5.9.3.jar:/home/placidenduwayo/.m2/repository/org/junit/jupiter/junit-jupiter-engine/5.9.3/junit-jupiter-engine-5.9.3.jar:/home/placidenduwayo/.m2/repository/org/junit/platform/junit-platform-engine/1.9.3/junit-platform-engine-1.9.3.jar:/home/placidenduwayo/.m2/repository/org/mockito/mockito-core/5.3.1/mockito-core-5.3.1.jar:/home/placidenduwayo/.m2/repository/net/bytebuddy/byte-buddy-agent/1.14.5/byte-buddy-agent-1.14.5.jar:/home/placidenduwayo/.m2/repository/org/objenesis/objenesis/3.3/objenesis-3.3.jar:/home/placidenduwayo/.m2/repository/org/mockito/mockito-junit-jupiter/5.3.1/mockito-junit-jupiter-5.3.1.jar:/home/placidenduwayo/.m2/repository/org/skyscreamer/jsonassert/1.5.1/jsonassert-1.5.1.jar:/home/placidenduwayo/.m2/repository/com/vaadin/external/google/android-json/0.0.20131108.vaadin1/android-json-0.0.20131108.vaadin1.jar:/home/placidenduwayo/.m2/repository/org/springframework/spring-core/6.0.10/spring-core-6.0.10.jar:/home/placidenduwayo/.m2/repository/org/springframework/spring-jcl/6.0.10/spring-jcl-6.0.10.jar:/home/placidenduwayo/.m2/repository/org/springframework/spring-test/6.0.10/spring-test-6.0.10.jar:/home/placidenduwayo/.m2/repository/org/xmlunit/xmlunit-core/2.9.1/xmlunit-core-2.9.1.jar:"/>
    <property name="java.vm.vendor" value="Private Build"/>
    <property name="sun.arch.data.model" value="64"/>
    <property name="java.vendor.url" value="Unknown"/>
    <property name="user.timezone" value="Europe/Paris"/>
    <property name="os.name" value="Linux"/>
    <property name="java.vm.specification.version" value="17"/>
    <property name="sun.java.launcher" value="SUN_STANDARD"/>
    <property name="user.country" value="US"/>
    <property name="sun.boot.library.path" value="/usr/lib/jvm/java-17-openjdk-amd64/lib"/>
    <property name="sun.java.command" value="/home/placidenduwayo/workspace/devops/fullstack-5-K8s-Kafka-CI-CD/K8s-Kafka-AEPC-Back/k8s-kafka-aepc-clean-archi-bs-ms-employee/target/surefire/surefirebooter-20230907160417882_3.jar /home/placidenduwayo/workspace/devops/fullstack-5-K8s-Kafka-CI-CD/K8s-Kafka-AEPC-Back/k8s-kafka-aepc-clean-archi-bs-ms-employee/target/surefire 2023-09-07T16-04-17_789-jvmRun1 surefire-20230907160417882_1tmp surefire_0-20230907160417882_2tmp"/>
    <property name="jdk.debug" value="release"/>
    <property name="surefire.test.class.path" value="/home/placidenduwayo/workspace/devops/fullstack-5-K8s-Kafka-CI-CD/K8s-Kafka-AEPC-Back/k8s-kafka-aepc-clean-archi-bs-ms-employee/target/test-classes:/home/placidenduwayo/workspace/devops/fullstack-5-K8s-Kafka-CI-CD/K8s-Kafka-AEPC-Back/k8s-kafka-aepc-clean-archi-bs-ms-employee/target/classes:/home/placidenduwayo/.m2/repository/org/springframework/boot/spring-boot-starter-data-jpa/3.1.1/spring-boot-starter-data-jpa-3.1.1.jar:/home/placidenduwayo/.m2/repository/org/springframework/boot/spring-boot-starter-aop/3.1.1/spring-boot-starter-aop-3.1.1.jar:/home/placidenduwayo/.m2/repository/org/springframework/spring-aop/6.0.10/spring-aop-6.0.10.jar:/home/placidenduwayo/.m2/repository/org/aspectj/aspectjweaver/1.9.19/aspectjweaver-1.9.19.jar:/home/placidenduwayo/.m2/repository/org/springframework/boot/spring-boot-starter-jdbc/3.1.1/spring-boot-starter-jdbc-3.1.1.jar:/home/placidenduwayo/.m2/repository/com/zaxxer/HikariCP/5.0.1/HikariCP-5.0.1.jar:/home/placidenduwayo/.m2/repository/org/springframework/spring-jdbc/6.0.10/spring-jdbc-6.0.10.jar:/home/placidenduwayo/.m2/repository/org/hibernate/orm/hibernate-core/6.2.5.Final/hibernate-core-6.2.5.Final.jar:/home/placidenduwayo/.m2/repository/jakarta/persistence/jakarta.persistence-api/3.1.0/jakarta.persistence-api-3.1.0.jar:/home/placidenduwayo/.m2/repository/jakarta/transaction/jakarta.transaction-api/2.0.1/jakarta.transaction-api-2.0.1.jar:/home/placidenduwayo/.m2/repository/org/jboss/logging/jboss-logging/3.5.1.Final/jboss-logging-3.5.1.Final.jar:/home/placidenduwayo/.m2/repository/org/hibernate/common/hibernate-commons-annotations/6.0.6.Final/hibernate-commons-annotations-6.0.6.Final.jar:/home/placidenduwayo/.m2/repository/io/smallrye/jandex/3.0.5/jandex-3.0.5.jar:/home/placidenduwayo/.m2/repository/com/fasterxml/classmate/1.5.1/classmate-1.5.1.jar:/home/placidenduwayo/.m2/repository/org/glassfish/jaxb/jaxb-runtime/4.0.3/jaxb-runtime-4.0.3.jar:/home/placidenduwayo/.m2/repository/org/glassfish/jaxb/jaxb-core/4.0.3/jaxb-core-4.0.3.jar:/home/placidenduwayo/.m2/repository/org/eclipse/angus/angus-activation/2.0.1/angus-activation-2.0.1.jar:/home/placidenduwayo/.m2/repository/org/glassfish/jaxb/txw2/4.0.3/txw2-4.0.3.jar:/home/placidenduwayo/.m2/repository/com/sun/istack/istack-commons-runtime/4.1.2/istack-commons-runtime-4.1.2.jar:/home/placidenduwayo/.m2/repository/jakarta/inject/jakarta.inject-api/2.0.1/jakarta.inject-api-2.0.1.jar:/home/placidenduwayo/.m2/repository/org/antlr/antlr4-runtime/4.10.1/antlr4-runtime-4.10.1.jar:/home/placidenduwayo/.m2/repository/org/springframework/data/spring-data-jpa/3.1.1/spring-data-jpa-3.1.1.jar:/home/placidenduwayo/.m2/repository/org/springframework/data/spring-data-commons/3.1.1/spring-data-commons-3.1.1.jar:/home/placidenduwayo/.m2/repository/org/springframework/spring-orm/6.0.10/spring-orm-6.0.10.jar:/home/placidenduwayo/.m2/repository/org/springframework/spring-beans/6.0.10/spring-beans-6.0.10.jar:/home/placidenduwayo/.m2/repository/jakarta/annotation/jakarta.annotation-api/2.1.1/jakarta.annotation-api-2.1.1.jar:/home/placidenduwayo/.m2/repository/org/slf4j/slf4j-api/2.0.7/slf4j-api-2.0.7.jar:/home/placidenduwayo/.m2/repository/org/springframework/spring-aspects/6.0.10/spring-aspects-6.0.10.jar:/home/placidenduwayo/.m2/repository/org/springframework/boot/spring-boot-starter-web/3.1.1/spring-boot-starter-web-3.1.1.jar:/home/placidenduwayo/.m2/repository/org/springframework/boot/spring-boot-starter/3.1.1/spring-boot-starter-3.1.1.jar:/home/placidenduwayo/.m2/repository/org/springframework/boot/spring-boot-starter-logging/3.1.1/spring-boot-starter-logging-3.1.1.jar:/home/placidenduwayo/.m2/repository/ch/qos/logback/logback-classic/1.4.8/logback-classic-1.4.8.jar:/home/placidenduwayo/.m2/repository/ch/qos/logback/logback-core/1.4.8/logback-core-1.4.8.jar:/home/placidenduwayo/.m2/repository/org/apache/logging/log4j/log4j-to-slf4j/2.20.0/log4j-to-slf4j-2.20.0.jar:/home/placidenduwayo/.m2/repository/org/apache/logging/log4j/log4j-api/2.20.0/log4j-api-2.20.0.jar:/home/placidenduwayo/.m2/repository/org/slf4j/jul-to-slf4j/2.0.7/jul-to-slf4j-2.0.7.jar:/home/placidenduwayo/.m2/repository/org/yaml/snakeyaml/1.33/snakeyaml-1.33.jar:/home/placidenduwayo/.m2/repository/org/springframework/boot/spring-boot-starter-json/3.1.1/spring-boot-starter-json-3.1.1.jar:/home/placidenduwayo/.m2/repository/com/fasterxml/jackson/datatype/jackson-datatype-jdk8/2.15.2/jackson-datatype-jdk8-2.15.2.jar:/home/placidenduwayo/.m2/repository/com/fasterxml/jackson/datatype/jackson-datatype-jsr310/2.15.2/jackson-datatype-jsr310-2.15.2.jar:/home/placidenduwayo/.m2/repository/com/fasterxml/jackson/module/jackson-module-parameter-names/2.15.2/jackson-module-parameter-names-2.15.2.jar:/home/placidenduwayo/.m2/repository/org/springframework/boot/spring-boot-starter-tomcat/3.1.1/spring-boot-starter-tomcat-3.1.1.jar:/home/placidenduwayo/.m2/repository/org/apache/tomcat/embed/tomcat-embed-core/10.1.10/tomcat-embed-core-10.1.10.jar:/home/placidenduwayo/.m2/repository/org/apache/tomcat/embed/tomcat-embed-el/10.1.10/tomcat-embed-el-10.1.10.jar:/home/placidenduwayo/.m2/repository/org/apache/tomcat/embed/tomcat-embed-websocket/10.1.10/tomcat-embed-websocket-10.1.10.jar:/home/placidenduwayo/.m2/repository/org/springframework/spring-web/6.0.10/spring-web-6.0.10.jar:/home/placidenduwayo/.m2/repository/org/springframework/spring-webmvc/6.0.10/spring-webmvc-6.0.10.jar:/home/placidenduwayo/.m2/repository/org/springframework/spring-expression/6.0.10/spring-expression-6.0.10.jar:/home/placidenduwayo/.m2/repository/org/springframework/cloud/spring-cloud-starter-config/4.0.4/spring-cloud-starter-config-4.0.4.jar:/home/placidenduwayo/.m2/repository/org/springframework/cloud/spring-cloud-starter/4.0.4/spring-cloud-starter-4.0.4.jar:/home/placidenduwayo/.m2/repository/org/springframework/cloud/spring-cloud-context/4.0.4/spring-cloud-context-4.0.4.jar:/home/placidenduwayo/.m2/repository/org/springframework/security/spring-security-rsa/1.0.12.RELEASE/spring-security-rsa-1.0.12.RELEASE.jar:/home/placidenduwayo/.m2/repository/org/bouncycastle/bcpkix-jdk18on/1.73/bcpkix-jdk18on-1.73.jar:/home/placidenduwayo/.m2/repository/org/bouncycastle/bcprov-jdk18on/1.73/bcprov-jdk18on-1.73.jar:/home/placidenduwayo/.m2/repository/org/bouncycastle/bcutil-jdk18on/1.73/bcutil-jdk18on-1.73.jar:/home/placidenduwayo/.m2/repository/org/springframework/cloud/spring-cloud-config-client/4.0.4/spring-cloud-config-client-4.0.4.jar:/home/placidenduwayo/.m2/repository/com/fasterxml/jackson/core/jackson-annotations/2.15.2/jackson-annotations-2.15.2.jar:/home/placidenduwayo/.m2/repository/org/apache/httpcomponents/client5/httpclient5/5.2.1/httpclient5-5.2.1.jar:/home/placidenduwayo/.m2/repository/org/apache/httpcomponents/core5/httpcore5/5.2.2/httpcore5-5.2.2.jar:/home/placidenduwayo/.m2/repository/org/apache/httpcomponents/core5/httpcore5-h2/5.2.2/httpcore5-h2-5.2.2.jar:/home/placidenduwayo/.m2/repository/com/fasterxml/jackson/core/jackson-databind/2.15.2/jackson-databind-2.15.2.jar:/home/placidenduwayo/.m2/repository/com/fasterxml/jackson/core/jackson-core/2.15.2/jackson-core-2.15.2.jar:/home/placidenduwayo/.m2/repository/org/springframework/cloud/spring-cloud-starter-bootstrap/4.0.4/spring-cloud-starter-bootstrap-4.0.4.jar:/home/placidenduwayo/.m2/repository/org/springframework/cloud/spring-cloud-starter-netflix-eureka-client/4.0.3/spring-cloud-starter-netflix-eureka-client-4.0.3.jar:/home/placidenduwayo/.m2/repository/org/springframework/cloud/spring-cloud-netflix-eureka-client/4.0.3/spring-cloud-netflix-eureka-client-4.0.3.jar:/home/placidenduwayo/.m2/repository/com/netflix/eureka/eureka-client/2.0.1/eureka-client-2.0.1.jar:/home/placidenduwayo/.m2/repository/com/netflix/netflix-commons/netflix-eventbus/0.3.0/netflix-eventbus-0.3.0.jar:/home/placidenduwayo/.m2/repository/com/netflix/netflix-commons/netflix-infix/0.3.0/netflix-infix-0.3.0.jar:/home/placidenduwayo/.m2/repository/commons-jxpath/commons-jxpath/1.3/commons-jxpath-1.3.jar:/home/placidenduwayo/.m2/repository/joda-time/joda-time/2.3/joda-time-2.3.jar:/home/placidenduwayo/.m2/repository/org/antlr/antlr-runtime/3.4/antlr-runtime-3.4.jar:/home/placidenduwayo/.m2/repository/org/antlr/stringtemplate/3.2.1/stringtemplate-3.2.1.jar:/home/placidenduwayo/.m2/repository/antlr/antlr/2.7.7/antlr-2.7.7.jar:/home/placidenduwayo/.m2/repository/com/google/code/gson/gson/2.10.1/gson-2.10.1.jar:/home/placidenduwayo/.m2/repository/org/apache/commons/commons-math/2.2/commons-math-2.2.jar:/home/placidenduwayo/.m2/repository/com/thoughtworks/xstream/xstream/1.4.19/xstream-1.4.19.jar:/home/placidenduwayo/.m2/repository/io/github/x-stream/mxparser/1.2.2/mxparser-1.2.2.jar:/home/placidenduwayo/.m2/repository/xmlpull/xmlpull/1.1.3.1/xmlpull-1.1.3.1.jar:/home/placidenduwayo/.m2/repository/jakarta/ws/rs/jakarta.ws.rs-api/3.1.0/jakarta.ws.rs-api-3.1.0.jar:/home/placidenduwayo/.m2/repository/com/netflix/servo/servo-core/0.12.21/servo-core-0.12.21.jar:/home/placidenduwayo/.m2/repository/com/google/guava/guava/19.0/guava-19.0.jar:/home/placidenduwayo/.m2/repository/org/apache/httpcomponents/httpclient/4.5.3/httpclient-4.5.3.jar:/home/placidenduwayo/.m2/repository/org/apache/httpcomponents/httpcore/4.4.16/httpcore-4.4.16.jar:/home/placidenduwayo/.m2/repository/commons-codec/commons-codec/1.15/commons-codec-1.15.jar:/home/placidenduwayo/.m2/repository/commons-configuration/commons-configuration/1.10/commons-configuration-1.10.jar:/home/placidenduwayo/.m2/repository/commons-lang/commons-lang/2.6/commons-lang-2.6.jar:/home/placidenduwayo/.m2/repository/org/codehaus/jettison/jettison/1.4.0/jettison-1.4.0.jar:/home/placidenduwayo/.m2/repository/com/netflix/eureka/eureka-core/2.0.1/eureka-core-2.0.1.jar:/home/placidenduwayo/.m2/repository/jakarta/servlet/jakarta.servlet-api/6.0.0/jakarta.servlet-api-6.0.0.jar:/home/placidenduwayo/.m2/repository/com/fasterxml/woodstox/woodstox-core/6.2.1/woodstox-core-6.2.1.jar:/home/placidenduwayo/.m2/repository/org/codehaus/woodstox/stax2-api/4.2.1/stax2-api-4.2.1.jar:/home/placidenduwayo/.m2/repository/org/springframework/cloud/spring-cloud-starter-loadbalancer/4.0.4/spring-cloud-starter-loadbalancer-4.0.4.jar:/home/placidenduwayo/.m2/repository/org/springframework/cloud/spring-cloud-loadbalancer/4.0.4/spring-cloud-loadbalancer-4.0.4.jar:/home/placidenduwayo/.m2/repository/io/projectreactor/reactor-core/3.5.7/reactor-core-3.5.7.jar:/home/placidenduwayo/.m2/repository/org/reactivestreams/reactive-streams/1.0.4/reactive-streams-1.0.4.jar:/home/placidenduwayo/.m2/repository/io/projectreactor/addons/reactor-extra/3.5.1/reactor-extra-3.5.1.jar:/home/placidenduwayo/.m2/repository/org/springframework/boot/spring-boot-starter-cache/3.1.1/spring-boot-starter-cache-3.1.1.jar:/home/placidenduwayo/.m2/repository/org/springframework/spring-context-support/6.0.10/spring-context-support-6.0.10.jar:/home/placidenduwayo/.m2/repository/com/stoyanr/evictor/1.0.0/evictor-1.0.0.jar:/home/placidenduwayo/.m2/repository/org/springframework/cloud/spring-cloud-starter-openfeign/4.0.4/spring-cloud-starter-openfeign-4.0.4.jar:/home/placidenduwayo/.m2/repository/org/springframework/cloud/spring-cloud-openfeign-core/4.0.4/spring-cloud-openfeign-core-4.0.4.jar:/home/placidenduwayo/.m2/repository/io/github/openfeign/form/feign-form-spring/3.8.0/feign-form-spring-3.8.0.jar:/home/placidenduwayo/.m2/repository/io/github/openfeign/form/feign-form/3.8.0/feign-form-3.8.0.jar:/home/placidenduwayo/.m2/repository/commons-fileupload/commons-fileupload/1.5/commons-fileupload-1.5.jar:/home/placidenduwayo/.m2/repository/commons-io/commons-io/2.11.0/commons-io-2.11.0.jar:/home/placidenduwayo/.m2/repository/org/springframework/cloud/spring-cloud-commons/4.0.4/spring-cloud-commons-4.0.4.jar:/home/placidenduwayo/.m2/repository/org/springframework/security/spring-security-crypto/6.1.1/spring-security-crypto-6.1.1.jar:/home/placidenduwayo/.m2/repository/io/github/openfeign/feign-core/12.4/feign-core-12.4.jar:/home/placidenduwayo/.m2/repository/io/github/openfeign/feign-slf4j/12.4/feign-slf4j-12.4.jar:/home/placidenduwayo/.m2/repository/org/springframework/cloud/spring-cloud-starter-circuitbreaker-resilience4j/3.0.3/spring-cloud-starter-circuitbreaker-resilience4j-3.0.3.jar:/home/placidenduwayo/.m2/repository/org/springframework/cloud/spring-cloud-circuitbreaker-resilience4j/3.0.3/spring-cloud-circuitbreaker-resilience4j-3.0.3.jar:/home/placidenduwayo/.m2/repository/io/github/resilience4j/resilience4j-spring-boot3/2.0.2/resilience4j-spring-boot3-2.0.2.jar:/home/placidenduwayo/.m2/repository/io/github/resilience4j/resilience4j-spring6/2.0.2/resilience4j-spring6-2.0.2.jar:/home/placidenduwayo/.m2/repository/io/github/resilience4j/resilience4j-annotations/2.0.2/resilience4j-annotations-2.0.2.jar:/home/placidenduwayo/.m2/repository/io/github/resilience4j/resilience4j-consumer/2.0.2/resilience4j-consumer-2.0.2.jar:/home/placidenduwayo/.m2/repository/io/github/resilience4j/resilience4j-circularbuffer/2.0.2/resilience4j-circularbuffer-2.0.2.jar:/home/placidenduwayo/.m2/repository/io/github/resilience4j/resilience4j-framework-common/2.0.2/resilience4j-framework-common-2.0.2.jar:/home/placidenduwayo/.m2/repository/io/github/resilience4j/resilience4j-micrometer/2.0.2/resilience4j-micrometer-2.0.2.jar:/home/placidenduwayo/.m2/repository/io/micrometer/micrometer-core/1.11.1/micrometer-core-1.11.1.jar:/home/placidenduwayo/.m2/repository/org/hdrhistogram/HdrHistogram/2.1.12/HdrHistogram-2.1.12.jar:/home/placidenduwayo/.m2/repository/org/latencyutils/LatencyUtils/2.0.3/LatencyUtils-2.0.3.jar:/home/placidenduwayo/.m2/repository/io/github/resilience4j/resilience4j-retry/2.0.2/resilience4j-retry-2.0.2.jar:/home/placidenduwayo/.m2/repository/io/github/resilience4j/resilience4j-ratelimiter/2.0.2/resilience4j-ratelimiter-2.0.2.jar:/home/placidenduwayo/.m2/repository/io/github/resilience4j/resilience4j-circuitbreaker/2.0.2/resilience4j-circuitbreaker-2.0.2.jar:/home/placidenduwayo/.m2/repository/io/github/resilience4j/resilience4j-core/2.0.2/resilience4j-core-2.0.2.jar:/home/placidenduwayo/.m2/repository/io/github/resilience4j/resilience4j-timelimiter/2.0.2/resilience4j-timelimiter-2.0.2.jar:/home/placidenduwayo/.m2/repository/org/springframework/boot/spring-boot-devtools/3.1.1/spring-boot-devtools-3.1.1.jar:/home/placidenduwayo/.m2/repository/org/springframework/boot/spring-boot/3.1.1/spring-boot-3.1.1.jar:/home/placidenduwayo/.m2/repository/org/springframework/boot/spring-boot-autoconfigure/3.1.1/spring-boot-autoconfigure-3.1.1.jar:/home/placidenduwayo/.m2/repository/com/mysql/mysql-connector-j/8.0.33/mysql-connector-j-8.0.33.jar:/home/placidenduwayo/.m2/repository/com/h2database/h2/2.1.214/h2-2.1.214.jar:/home/placidenduwayo/.m2/repository/org/junit/jupiter/junit-jupiter-api/5.9.2/junit-jupiter-api-5.9.2.jar:/home/placidenduwayo/.m2/repository/org/opentest4j/opentest4j/1.2.0/opentest4j-1.2.0.jar:/home/placidenduwayo/.m2/repository/org/junit/platform/junit-platform-commons/1.9.3/junit-platform-commons-1.9.3.jar:/home/placidenduwayo/.m2/repository/org/apiguardian/apiguardian-api/1.1.2/apiguardian-api-1.1.2.jar:/home/placidenduwayo/.m2/repository/org/assertj/assertj-core/3.24.2/assertj-core-3.24.2.jar:/home/placidenduwayo/.m2/repository/net/bytebuddy/byte-buddy/1.14.5/byte-buddy-1.14.5.jar:/home/placidenduwayo/.m2/repository/org/springframework/kafka/spring-kafka/3.0.8/spring-kafka-3.0.8.jar:/home/placidenduwayo/.m2/repository/org/springframework/spring-context/6.0.10/spring-context-6.0.10.jar:/home/placidenduwayo/.m2/repository/org/springframework/spring-messaging/6.0.10/spring-messaging-6.0.10.jar:/home/placidenduwayo/.m2/repository/org/springframework/spring-tx/6.0.10/spring-tx-6.0.10.jar:/home/placidenduwayo/.m2/repository/org/springframework/retry/spring-retry/2.0.2/spring-retry-2.0.2.jar:/home/placidenduwayo/.m2/repository/org/apache/kafka/kafka-clients/3.4.1/kafka-clients-3.4.1.jar:/home/placidenduwayo/.m2/repository/com/github/luben/zstd-jni/1.5.2-1/zstd-jni-1.5.2-1.jar:/home/placidenduwayo/.m2/repository/org/lz4/lz4-java/1.8.0/lz4-java-1.8.0.jar:/home/placidenduwayo/.m2/repository/org/xerial/snappy/snappy-java/1.1.8.4/snappy-java-1.1.8.4.jar:/home/placidenduwayo/.m2/repository/io/micrometer/micrometer-observation/1.11.1/micrometer-observation-1.11.1.jar:/home/placidenduwayo/.m2/repository/io/micrometer/micrometer-commons/1.11.1/micrometer-commons-1.11.1.jar:/home/placidenduwayo/.m2/repository/com/google/code/findbugs/jsr305/3.0.2/jsr305-3.0.2.jar:/home/placidenduwayo/.m2/repository/org/testcontainers/kafka/1.18.3/kafka-1.18.3.jar:/home/placidenduwayo/.m2/repository/org/testcontainers/testcontainers/1.18.3/testcontainers-1.18.3.jar:/home/placidenduwayo/.m2/repository/junit/junit/4.13.2/junit-4.13.2.jar:/home/placidenduwayo/.m2/repository/org/hamcrest/hamcrest-core/2.2/hamcrest-core-2.2.jar:/home/placidenduwayo/.m2/repository/org/apache/commons/commons-compress/1.23.0/commons-compress-1.23.0.jar:/home/placidenduwayo/.m2/repository/org/rnorth/duct-tape/duct-tape/1.0.8/duct-tape-1.0.8.jar:/home/placidenduwayo/.m2/repository/org/jetbrains/annotations/17.0.0/annotations-17.0.0.jar:/home/placidenduwayo/.m2/repository/com/github/docker-java/docker-java-api/3.3.0/docker-java-api-3.3.0.jar:/home/placidenduwayo/.m2/repository/com/github/docker-java/docker-java-transport-zerodep/3.3.0/docker-java-transport-zerodep-3.3.0.jar:/home/placidenduwayo/.m2/repository/com/github/docker-java/docker-java-transport/3.3.0/docker-java-transport-3.3.0.jar:/home/placidenduwayo/.m2/repository/net/java/dev/jna/jna/5.12.1/jna-5.12.1.jar:/home/placidenduwayo/.m2/repository/org/projectlombok/lombok/1.18.28/lombok-1.18.28.jar:/home/placidenduwayo/.m2/repository/org/springframework/boot/spring-boot-configuration-processor/3.1.1/spring-boot-configuration-processor-3.1.1.jar:/home/placidenduwayo/.m2/repository/org/springframework/boot/spring-boot-starter-test/3.1.1/spring-boot-starter-test-3.1.1.jar:/home/placidenduwayo/.m2/repository/org/springframework/boot/spring-boot-test/3.1.1/spring-boot-test-3.1.1.jar:/home/placidenduwayo/.m2/repository/org/springframework/boot/spring-boot-test-autoconfigure/3.1.1/spring-boot-test-autoconfigure-3.1.1.jar:/home/placidenduwayo/.m2/repository/com/jayway/jsonpath/json-path/2.8.0/json-path-2.8.0.jar:/home/placidenduwayo/.m2/repository/jakarta/xml/bind/jakarta.xml.bind-api/4.0.0/jakarta.xml.bind-api-4.0.0.jar:/home/placidenduwayo/.m2/repository/jakarta/activation/jakarta.activation-api/2.1.2/jakarta.activation-api-2.1.2.jar:/home/placidenduwayo/.m2/repository/net/minidev/json-smart/2.4.11/json-smart-2.4.11.jar:/home/placidenduwayo/.m2/repository/net/minidev/accessors-smart/2.4.11/accessors-smart-2.4.11.jar:/home/placidenduwayo/.m2/repository/org/ow2/asm/asm/9.3/asm-9.3.jar:/home/placidenduwayo/.m2/repository/org/hamcrest/hamcrest/2.2/hamcrest-2.2.jar:/home/placidenduwayo/.m2/repository/org/junit/jupiter/junit-jupiter/5.9.3/junit-jupiter-5.9.3.jar:/home/placidenduwayo/.m2/repository/org/junit/jupiter/junit-jupiter-params/5.9.3/junit-jupiter-params-5.9.3.jar:/home/placidenduwayo/.m2/repository/org/junit/jupiter/junit-jupiter-engine/5.9.3/junit-jupiter-engine-5.9.3.jar:/home/placidenduwayo/.m2/repository/org/junit/platform/junit-platform-engine/1.9.3/junit-platform-engine-1.9.3.jar:/home/placidenduwayo/.m2/repository/org/mockito/mockito-core/5.3.1/mockito-core-5.3.1.jar:/home/placidenduwayo/.m2/repository/net/bytebuddy/byte-buddy-agent/1.14.5/byte-buddy-agent-1.14.5.jar:/home/placidenduwayo/.m2/repository/org/objenesis/objenesis/3.3/objenesis-3.3.jar:/home/placidenduwayo/.m2/repository/org/mockito/mockito-junit-jupiter/5.3.1/mockito-junit-jupiter-5.3.1.jar:/home/placidenduwayo/.m2/repository/org/skyscreamer/jsonassert/1.5.1/jsonassert-1.5.1.jar:/home/placidenduwayo/.m2/repository/com/vaadin/external/google/android-json/0.0.20131108.vaadin1/android-json-0.0.20131108.vaadin1.jar:/home/placidenduwayo/.m2/repository/org/springframework/spring-core/6.0.10/spring-core-6.0.10.jar:/home/placidenduwayo/.m2/repository/org/springframework/spring-jcl/6.0.10/spring-jcl-6.0.10.jar:/home/placidenduwayo/.m2/repository/org/springframework/spring-test/6.0.10/spring-test-6.0.10.jar:/home/placidenduwayo/.m2/repository/org/xmlunit/xmlunit-core/2.9.1/xmlunit-core-2.9.1.jar:"/>
    <property name="sun.cpu.endian" value="little"/>
    <property name="user.home" value="/home/placidenduwayo"/>
    <property name="user.language" value="en"/>
    <property name="java.specification.vendor" value="Oracle Corporation"/>
    <property name="java.version.date" value="2023-08-24"/>
    <property name="java.home" value="/usr/lib/jvm/java-17-openjdk-amd64"/>
    <property name="kafka.bootstrapAddress" value="PLAINTEXT://localhost:33108"/>
    <property name="file.separator" value="/"/>
    <property name="basedir" value="/home/placidenduwayo/workspace/devops/fullstack-5-K8s-Kafka-CI-CD/K8s-Kafka-AEPC-Back/k8s-kafka-aepc-clean-archi-bs-ms-employee"/>
    <property name="java.vm.compressedOopsMode" value="Zero based"/>
    <property name="line.separator" value="&#10;"/>
    <property name="java.vm.specification.vendor" value="Oracle Corporation"/>
    <property name="java.specification.name" value="Java Platform API Specification"/>
    <property name="surefire.real.class.path" value="/home/placidenduwayo/workspace/devops/fullstack-5-K8s-Kafka-CI-CD/K8s-Kafka-AEPC-Back/k8s-kafka-aepc-clean-archi-bs-ms-employee/target/surefire/surefirebooter-20230907160417882_3.jar"/>
    <property name="sun.management.compiler" value="HotSpot 64-Bit Tiered Compilers"/>
    <property name="java.runtime.version" value="17.0.8.1+1-Ubuntu-0ubuntu122.04"/>
    <property name="user.name" value="placidenduwayo"/>
    <property name="path.separator" value=":"/>
    <property name="os.version" value="6.2.0-32-generic"/>
    <property name="java.runtime.name" value="OpenJDK Runtime Environment"/>
    <property name="file.encoding" value="UTF-8"/>
    <property name="java.vm.name" value="OpenJDK 64-Bit Server VM"/>
    <property name="localRepository" value="/home/placidenduwayo/.m2/repository"/>
    <property name="java.vendor.url.bug" value="Unknown"/>
    <property name="java.io.tmpdir" value="/tmp"/>
    <property name="idea.version" value="2023.2.1"/>
    <property name="java.version" value="17.0.8.1"/>
    <property name="user.dir" value="/home/placidenduwayo/workspace/devops/fullstack-5-K8s-Kafka-CI-CD/K8s-Kafka-AEPC-Back/k8s-kafka-aepc-clean-archi-bs-ms-employee"/>
    <property name="os.arch" value="amd64"/>
    <property name="java.vm.specification.name" value="Java Virtual Machine Specification"/>
    <property name="native.encoding" value="UTF-8"/>
    <property name="java.library.path" value="/usr/java/packages/lib:/usr/lib/x86_64-linux-gnu/jni:/lib/x86_64-linux-gnu:/usr/lib/x86_64-linux-gnu:/usr/lib/jni:/lib:/usr/lib"/>
    <property name="java.vm.info" value="mixed mode, sharing"/>
    <property name="java.vendor" value="Private Build"/>
    <property name="java.vm.version" value="17.0.8.1+1-Ubuntu-0ubuntu122.04"/>
    <property name="sun.io.unicode.encoding" value="UnicodeLittle"/>
    <property name="java.class.version" value="61.0"/>
  </properties>
  <testcase name="produceKafkaEventEmployeeCreate" classname="fr.placide.k8skafkaaepccleanarchibsmsemployee.infra.output.service.OutputEmployeeServiceKafkaProducerImplTest" time="10.507">
    <system-out><![CDATA[16:04:18.845 [main] INFO org.testcontainers.utility.ImageNameSubstitutor -- Image name substitution will be performed by: DefaultImageNameSubstitutor (composite of 'ConfigurationFileImageNameSubstitutor' and 'PrefixingImageNameSubstitutor')
16:04:19.163 [main] INFO org.testcontainers.dockerclient.DockerClientProviderStrategy -- Loaded org.testcontainers.dockerclient.UnixSocketClientProviderStrategy from ~/.testcontainers.properties, will try it first
16:04:19.492 [main] INFO org.testcontainers.dockerclient.DockerClientProviderStrategy -- Found Docker environment with local Unix socket (unix:///var/run/docker.sock)
16:04:19.494 [main] INFO org.testcontainers.DockerClientFactory -- Docker host IP address is localhost
16:04:19.512 [main] INFO org.testcontainers.DockerClientFactory -- Connected to docker: 
  Server Version: 24.0.6
  API Version: 1.43
  Operating System: Ubuntu 22.04.3 LTS
  Total Memory: 15770 MB
16:04:19.542 [main] INFO tc.testcontainers/ryuk:0.5.1 -- Creating container for image: testcontainers/ryuk:0.5.1
16:04:19.764 [main] INFO tc.testcontainers/ryuk:0.5.1 -- Container testcontainers/ryuk:0.5.1 is starting: cf84786038696d48b372c3b6a6ef4f70b6e1a998d1b5b44aee71fc4d5e7ed2b0
16:04:20.416 [main] INFO tc.testcontainers/ryuk:0.5.1 -- Container testcontainers/ryuk:0.5.1 started in PT0.897063624S
16:04:20.423 [main] INFO org.testcontainers.utility.RyukResourceReaper -- Ryuk started - will monitor and terminate Testcontainers containers on JVM exit
16:04:20.423 [main] INFO org.testcontainers.DockerClientFactory -- Checking the system...
16:04:20.424 [main] INFO org.testcontainers.DockerClientFactory -- ✔︎ Docker server version should be at least 1.6.0
16:04:20.424 [main] INFO tc.confluentinc/cp-kafka:latest -- Creating container for image: confluentinc/cp-kafka:latest
16:04:20.480 [main] INFO tc.confluentinc/cp-kafka:latest -- Container confluentinc/cp-kafka:latest is starting: 001575e23135c0e439e0d56734b777f713af57bc19f9b663276702e698b3476b
16:04:27.664 [main] INFO tc.confluentinc/cp-kafka:latest -- Container confluentinc/cp-kafka:latest started in PT7.239606361S
16:04:29.260 [main] INFO fr.placide.k8skafkaaepccleanarchibsmsemployee.infra.output.service.OutputEmployeeServiceKafkaProducerImplTest -- list of kafka container brokers: PLAINTEXT://localhost:33104
]]></system-out>
  </testcase>
  <testcase name="produceKafkaEventEmployeeDelete" classname="fr.placide.k8skafkaaepccleanarchibsmsemployee.infra.output.service.OutputEmployeeServiceKafkaProducerImplTest" time="7.081">
    <system-out><![CDATA[16:04:29.377 [main] INFO tc.confluentinc/cp-kafka:latest -- Creating container for image: confluentinc/cp-kafka:latest
16:04:29.455 [main] INFO tc.confluentinc/cp-kafka:latest -- Container confluentinc/cp-kafka:latest is starting: bbeb00075fba07fc6f437d8555ceefd4dfd5adc7008d3d71a24e6f69bac2cd31
16:04:36.351 [main] INFO tc.confluentinc/cp-kafka:latest -- Container confluentinc/cp-kafka:latest started in PT6.974428767S
16:04:36.357 [main] INFO fr.placide.k8skafkaaepccleanarchibsmsemployee.infra.output.service.OutputEmployeeServiceKafkaProducerImplTest -- list of kafka container brokers: PLAINTEXT://localhost:33106
]]></system-out>
  </testcase>
  <testcase name="produceKafkaEventEmployeeEdit" classname="fr.placide.k8skafkaaepccleanarchibsmsemployee.infra.output.service.OutputEmployeeServiceKafkaProducerImplTest" time="7.272">
    <system-out><![CDATA[16:04:36.461 [main] INFO tc.confluentinc/cp-kafka:latest -- Creating container for image: confluentinc/cp-kafka:latest
16:04:36.561 [main] INFO tc.confluentinc/cp-kafka:latest -- Container confluentinc/cp-kafka:latest is starting: b0028cd5404bf3c3d11c7fd8305ee8dd34c4ca2c04c7c8a22752c1b446e4a6da
16:04:43.722 [main] INFO tc.confluentinc/cp-kafka:latest -- Container confluentinc/cp-kafka:latest started in PT7.261283642S
16:04:43.725 [main] INFO fr.placide.k8skafkaaepccleanarchibsmsemployee.infra.output.service.OutputEmployeeServiceKafkaProducerImplTest -- list of kafka container brokers: PLAINTEXT://localhost:33108
]]></system-out>
  </testcase>
</testsuite>